06/06/12, 16:37:14, 4, 0, :No se encontró el archivo.
06/06/12, 16:37:14, 4, 0, :No se encontró el archivo.
06/06/12, 16:44:11, 4, 0, :No se encontró el archivo.
06/06/12, 16:44:11, 4, 0, :No se encontró el archivo.
06/06/12, 16:48:09, 4, 0, :No se encontró el archivo.
06/06/12, 16:48:09, 4, 0, :No se encontró el archivo.
06/06/12, 16:52:34, 4, 0, :No se encontró el archivo.
06/06/12, 16:52:34, 4, 0, :No se encontró el archivo.
06/06/12, 17:02:53, 4, 0, :No se encontró el archivo.
06/06/12, 17:02:53, 4, 0, :No se encontró el archivo.
06/06/12, 18:14:52, 4, 0, :No se encontró el archivo.
06/06/12, 18:14:52, 4, 0, :No se encontró el archivo.
06/07/12, 12:11:38, 4, 0, :No se encontró el archivo.
06/07/12, 12:11:38, 4, 0, :No se encontró el archivo.
06/07/12, 12:12:40, 4, 0, :No se encontró el archivo.
06/07/12, 12:12:40, 4, 0, :No se encontró el archivo.
06/07/12, 12:50:32, 4, 0, :No se encontró el archivo.
06/07/12, 13:39:26, 4, 0, :Directorio no válido.
06/07/12, 13:39:26, 4, 0, :Directorio no válido.
06/07/12, 13:39:52, 4, 0, :Directorio no válido.
06/07/12, 13:40:29, 4, 0, C:\Reportes_Inv\Rpt_NivelesAcceso.rpt:Versión de informe no válida.
06/07/12, 13:40:36, 4, 0, C:\Reportes_Inv\Rpt_NivelesAcceso.rpt:Versión de informe no válida.
06/07/12, 13:42:49, 4, 0, C:\Reportes_Inv\Rpt_NivelesAcceso.rpt:Versión de informe no válida.
06/07/12, 13:42:49, 4, 0, C:\Reportes_Inv\Rpt_NivelesAcceso.rpt:Versión de informe no válida.
06/07/12, 13:43:29, 4, 0, C:\Reportes_Inv\Rpt_NivelesAcceso.rpt:Versión de informe no válida.
06/07/12, 13:47:34, 4, 0, C:\Reportes_Inv\Rpt_NivelesAcceso.rpt:Versión de informe no válida.
06/07/12, 13:47:34, 4, 0, C:\Reportes_Inv\Rpt_NivelesAcceso.rpt:Versión de informe no válida.
06/07/12, 13:52:26, 4, 0, C:\Reportes_Inv\Rpt_NivelesAcceso.rpt:Versión de informe no válida.
06/07/12, 13:52:26, 4, 0, C:\Reportes_Inv\Rpt_NivelesAcceso.rpt:Versión de informe no válida.
06/07/12, 13:52:34, 4, 0, C:\Reportes_Inv\Rpt_NivelesAcceso.rpt:Versión de informe no válida.
06/07/12, 13:54:28, 4, 0, C:\Reportes_Inv\Rpt_NivelesAcceso.rpt:Versión de informe no válida.
06/07/12, 13:57:42, 4, 0, C:\Reportes_Inv\Rpt_NivelesAcceso.rpt:Versión de informe no válida.
06/07/12, 13:57:42, 4, 0, C:\Reportes_Inv\Rpt_NivelesAcceso.rpt:Versión de informe no válida.
06/07/12, 13:59:17, 4, 0, C:\Reportes_Inv\Rpt_NivelesAcceso.rpt:Versión de informe no válida.
06/07/12, 14:00:29, 4, 0, C:\Reportes_Inv\Rpt_NivelesAcceso.rpt:Versión de informe no válida.
06/07/12, 14:00:29, 4, 0, C:\Reportes_Inv\Rpt_NivelesAcceso.rpt:Versión de informe no válida.
06/07/12, 15:23:05, 4, 0, C:\Reportes_Inv\Rpt_NivelesAcceso.rpt:Versión de informe no válida.
06/07/12, 15:23:06, 4, 0, C:\Reportes_Inv\Rpt_NivelesAcceso.rpt:Versión de informe no válida.
06/07/12, 15:29:05, 4, 0, C:\Reportes_Inv\RptTipoPago.RPT:La DLL de base de datos ha detectado un error.
06/07/12, 15:30:36, 4, 0, C:\Reportes_Inv\RptTipoPago.RPT:La DLL de base de datos ha detectado un error.
06/07/12, 15:34:24, 4, 0, C:\Reportes_Inv\RptTipoPago.rpt:La DLL de base de datos ha detectado un error.
06/07/12, 15:35:13, 4, 0, C:\Reportes_Inv\RptTipoPago.rpt:La DLL de base de datos ha detectado un error.
06/07/12, 15:35:18, 4, 0, C:\Reportes_Inv\RptTipoPago.rpt:La DLL de base de datos ha detectado un error.
06/07/12, 15:35:19, 4, 0, C:\Reportes_Inv\RptTipoPago.rpt:La DLL de base de datos ha detectado un error.
06/07/12, 15:35:20, 4, 0, C:\Reportes_Inv\RptTipoPago.rpt:La DLL de base de datos ha detectado un error.
06/07/12, 15:35:21, 4, 0, C:\Reportes_Inv\RptTipoPago.rpt:La DLL de base de datos ha detectado un error.
06/07/12, 15:35:22, 4, 0, C:\Reportes_Inv\RptTipoPago.rpt:La DLL de base de datos ha detectado un error.
06/07/12, 15:35:23, 4, 0, C:\Reportes_Inv\RptTipoPago.rpt:La DLL de base de datos ha detectado un error.
06/07/12, 15:37:28, 4, 0, C:\Reportes_Inv\RptTipoPago.rpt:La DLL de base de datos ha detectado un error.
06/07/12, 15:40:49, 4, 0, :No se encontró el archivo.
06/07/12, 15:40:49, 4, 0, :No se encontró el archivo.
06/07/12, 15:42:54, 4, 0, :No se encontró el archivo.
06/07/12, 15:42:54, 4, 0, :No se encontró el archivo.
06/07/12, 15:42:55, 4, 0, :No se encontró el archivo.
06/08/12, 17:41:56, 4, 0, :No se encontró el archivo.
06/08/12, 17:41:56, 4, 0, :No se encontró el archivo.
06/08/12, 18:14:34, 4, 0, C:\Reportes_Inv\RptTipDocumento.rpt:El texto restante no parece ser parte de la fórmula.
06/08/12, 18:20:37, 4, 0, C:\Reportes_Inv\RptTipoPago.rpt:La DLL de base de datos ha detectado un error.
06/08/12, 18:20:46, 4, 0, C:\Reportes_Inv\RptTipoPago.rpt:La DLL de base de datos ha detectado un error.
06/08/12, 18:24:10, 4, 0, C:\Reportes_Inv\RptTipoPago.rpt:La DLL de base de datos ha detectado un error.
06/08/12, 18:34:27, 4, 0, C:\Reportes_Inv\RptTipoPago.rpt:La DLL de base de datos ha detectado un error.
06/08/12, 19:21:29, 4, 0, C:\Reportes_Inv\RptTipoPago.rpt:La DLL de base de datos ha detectado un error.
06/13/12, 13:37:56, 4, 0, :No se encontró el archivo.
06/13/12, 13:37:56, 4, 0, :No se encontró el archivo.
06/13/12, 13:38:00, 4, 0, :No se encontró el archivo.
06/13/12, 17:38:13, 4, 0, :No se encontró el archivo.
06/13/12, 17:38:13, 4, 0, :No se encontró el archivo.
06/13/12, 17:43:49, 4, 0, :No se encontró el archivo.
06/13/12, 17:43:49, 4, 0, :No se encontró el archivo.
06/13/12, 18:18:15, 4, 0, :No se encontró el archivo.
06/13/12, 18:18:15, 4, 0, :No se encontró el archivo.
06/13/12, 18:27:55, 4, 0, :No se encontró el archivo.
06/13/12, 18:27:55, 4, 0, :No se encontró el archivo.
06/13/12, 18:28:04, 4, 0, :No se encontró el archivo.
06/13/12, 18:28:04, 4, 0, :No se encontró el archivo.
06/13/12, 18:29:59, 4, 0, :No se encontró el archivo.
06/13/12, 18:29:59, 4, 0, :No se encontró el archivo.
06/13/12, 19:16:38, 4, 0, :No se encontró el archivo.
06/13/12, 19:16:38, 4, 0, :No se encontró el archivo.
06/14/12, 16:47:46, 4, 0, :No se encontró el archivo.
06/14/12, 16:47:46, 4, 0, :No se encontró el archivo.
06/14/12, 17:03:41, 4, 0, :No se encontró el archivo.
06/14/12, 17:03:41, 4, 0, :No se encontró el archivo.
06/14/12, 17:04:12, 4, 0, :No se encontró el archivo.
06/14/12, 17:06:49, 4, 0, :No se encontró el archivo.
06/14/12, 17:06:50, 4, 0, :No se encontró el archivo.
06/14/12, 17:14:29, 4, 0, :No se encontró el archivo.
06/14/12, 17:14:29, 4, 0, :No se encontró el archivo.
06/14/12, 17:16:00, 4, 0, :No se encontró el archivo.
06/14/12, 18:52:42, 4, 0, :No se encontró el archivo.
06/14/12, 18:52:42, 4, 0, :No se encontró el archivo.
06/14/12, 19:03:19, 4, 0, :No se encontró el archivo.
06/14/12, 19:03:19, 4, 0, :No se encontró el archivo.
06/14/12, 19:22:05, 4, 0, :No se encontró el archivo.
06/14/12, 19:24:08, 4, 0, :No se encontró el archivo.
06/14/12, 19:24:08, 4, 0, :No se encontró el archivo.
06/15/12, 15:45:46, 4, 0, :No se encontró el archivo.
06/15/12, 15:45:46, 4, 0, :No se encontró el archivo.
06/15/12, 16:00:11, 4, 0, :No se encontró el archivo.
06/15/12, 16:00:11, 4, 0, :No se encontró el archivo.
06/15/12, 17:51:09, 4, 0, :No se encontró el archivo.
06/15/12, 17:51:09, 4, 0, :No se encontró el archivo.
06/18/12, 19:45:21, 4, 0, :No se encontró el archivo.
06/18/12, 19:45:21, 4, 0, :No se encontró el archivo.
06/18/12, 19:50:35, 4, 0, :No se encontró el archivo.
06/18/12, 19:50:55, 4, 0, :No se encontró el archivo.
06/18/12, 19:51:18, 4, 0, :No se encontró el archivo.
06/18/12, 19:54:21, 4, 0, :No se encontró el archivo.
06/19/12, 17:48:50, 4, 0, :No se encontró el archivo.
06/19/12, 17:48:50, 4, 0, :No se encontró el archivo.
06/19/12, 17:51:55, 4, 0, :No se encontró el archivo.
06/19/12, 17:51:55, 4, 0, :No se encontró el archivo.
06/19/12, 17:52:31, 4, 0, :No se encontró el archivo.
06/19/12, 17:52:31, 4, 0, :No se encontró el archivo.
06/19/12, 17:53:38, 4, 0, :No se encontró el archivo.
06/19/12, 17:53:38, 4, 0, :No se encontró el archivo.
06/23/12, 12:10:59, 4, 0, :No se encontró el archivo.
06/23/12, 12:10:59, 4, 0, :No se encontró el archivo.
06/23/12, 12:16:24, 4, 0, :No se encontró el archivo.
06/23/12, 12:16:24, 4, 0, :No se encontró el archivo.
06/23/12, 13:11:58, 4, 0, :No se encontró el archivo.
06/23/12, 13:11:58, 4, 0, :No se encontró el archivo.
06/23/12, 13:12:02, 4, 0, :No se encontró el archivo.
07/05/12, 12:57:58, 4, 0, C:\Reportes_Inv\Rpt_Boleta.rpt:La DLL de base de datos ha detectado un error.
07/05/12, 12:58:01, 4, 0, C:\Reportes_Inv\Rpt_Boleta.rpt:La DLL de base de datos ha detectado un error.
07/05/12, 13:19:19, 4, 0, C:\Reportes_Inv\Rpt_Boleta.rpt:La DLL de base de datos ha detectado un error.
07/05/12, 13:19:40, 4, 0, C:\Reportes_Inv\Rpt_Boleta.rpt:La DLL de base de datos ha detectado un error.
07/05/12, 13:21:44, 4, 0, C:\Reportes_Inv\Rpt_Boleta.rpt:La DLL de base de datos ha detectado un error.
07/05/12, 16:53:53, 4, 0, C:\Reportes_Inv\Rpt_Boleta.rpt:La DLL de base de datos ha detectado un error.
07/05/12, 17:00:23, 4, 0, C:\Reportes_Inv\Rpt_Boleta.rpt:La DLL de base de datos ha detectado un error.
07/05/12, 17:00:36, 4, 0, C:\Reportes_Inv\Rpt_Boleta.rpt:La DLL de base de datos ha detectado un error.
07/05/12, 17:07:08, 4, 0, C:\Reportes_Inv\Rpt_Boleta.rpt:La DLL de base de datos ha detectado un error.
07/10/12, 17:10:40, 4, 0, :No se encontró el archivo.
07/10/12, 17:10:40, 4, 0, :No se encontró el archivo.
07/10/12, 17:24:23, 4, 0, :No se encontró el archivo.
07/10/12, 17:24:24, 4, 0, :No se encontró el archivo.
07/10/12, 17:30:50, 4, 0, C:\Reportes_Inv\REGISTRO POR PAISES.rpt:La DLL de base de datos ha detectado un error.
07/10/12, 17:48:12, 4, 0, :No se encontró el archivo.
07/10/12, 17:48:12, 4, 0, :No se encontró el archivo.
07/10/12, 19:13:47, 4, 0, C:\Reportes_Inv\REGISTRO POR CIUDAD.rpt:La DLL de base de datos ha detectado un error.
07/10/12, 19:13:53, 4, 0, C:\Reportes_Inv\REGISTRO POR CIUDAD.rpt:La DLL de base de datos ha detectado un error.
07/10/12, 19:13:56, 4, 0, C:\Reportes_Inv\REGISTRO POR CIUDAD.rpt:La DLL de base de datos ha detectado un error.
07/10/12, 19:13:58, 4, 0, C:\Reportes_Inv\REGISTRO POR CIUDAD.rpt:La DLL de base de datos ha detectado un error.
07/10/12, 19:14:00, 4, 0, C:\Reportes_Inv\REGISTRO POR CIUDAD.rpt:La DLL de base de datos ha detectado un error.
08/02/12, 14:19:49, 4, 0, :No se encontró el archivo.
08/02/12, 14:19:50, 4, 0, :No se encontró el archivo.
08/21/12, 10:35:42, 4, 0, :No se encontró el archivo.
08/21/12, 10:35:42, 4, 0, :No se encontró el archivo.
08/28/12, 12:40:06, 4, 0, :No se encontró el archivo.
08/28/12, 12:40:06, 4, 0, :No se encontró el archivo.
08/28/12, 16:23:35, 4, 0, :No se encontró el archivo.
08/28/12, 16:23:35, 4, 0, :No se encontró el archivo.
09/03/12, 17:38:21, 4, 0, C:\Reportes_Inv\Reporte_Articulo_Todo.rpt:La DLL de base de datos ha detectado un error.
09/03/12, 17:38:24, 4, 0, :No se encontró el archivo.
09/03/12, 17:38:24, 4, 0, :No se encontró el archivo.
09/03/12, 18:41:08, 4, 0, C:\Reportes_Inv\Reporte_Articulo_Todo.rpt:La DLL de base de datos ha detectado un error.
09/03/12, 18:41:15, 4, 0, C:\Reportes_Inv\Reporte_Articulo_Todo.rpt:La DLL de base de datos ha detectado un error.
09/03/12, 18:43:23, 4, 0, C:\Reportes_Inv\Reporte_Articulo_Todo.rpt:La DLL de base de datos ha detectado un error.
09/03/12, 18:54:01, 4, 0, C:\Reportes_Inv\Reporte_Articulo_Todo.rpt:Versión de informe no válida.
09/03/12, 18:54:11, 4, 0, C:\Reportes_Inv\Reporte_Articulo_Todo.rpt:Versión de informe no válida.
09/03/12, 19:05:42, 4, 0, :No se encontró el archivo.
09/03/12, 19:05:42, 4, 0, :No se encontró el archivo.
09/05/12, 10:49:46, 4, 0, :No se encontró el archivo.
09/05/12, 10:49:46, 4, 0, :No se encontró el archivo.
09/05/12, 10:50:46, 4, 0, :No se encontró el archivo.
09/05/12, 10:50:59, 4, 0, :No se encontró el archivo.
09/05/12, 10:59:32, 4, 0, :No se encontró el archivo.
09/05/12, 11:33:45, 4, 0, :No se encontró el archivo.
09/12/12, 17:07:18, 4, 0, C:\Reportes_Inv\Rpt_Boleta.rpt:La DLL de base de datos ha detectado un error.
09/14/12, 10:36:36, 4, 0, C:\Reportes_Inv\Rpt_NotaPedido.rpt:La DLL de base de datos ha detectado un error.
09/14/12, 10:36:40, 4, 0, C:\Reportes_Inv\Rpt_NotaPedido.rpt:La DLL de base de datos ha detectado un error.
09/14/12, 10:36:48, 4, 0, C:\Reportes_Inv\Rpt_NotaPedido.rpt:La DLL de base de datos ha detectado un error.
09/14/12, 10:36:50, 4, 0, C:\Reportes_Inv\Rpt_NotaPedido.rpt:La DLL de base de datos ha detectado un error.
09/14/12, 10:36:52, 4, 0, C:\Reportes_Inv\Rpt_NotaPedido.rpt:La DLL de base de datos ha detectado un error.
09/14/12, 10:36:54, 4, 0, C:\Reportes_Inv\Rpt_NotaPedido.rpt:La DLL de base de datos ha detectado un error.
09/14/12, 10:36:55, 4, 0, C:\Reportes_Inv\Rpt_NotaPedido.rpt:La DLL de base de datos ha detectado un error.
09/14/12, 10:36:57, 4, 0, C:\Reportes_Inv\Rpt_NotaPedido.rpt:La DLL de base de datos ha detectado un error.
09/14/12, 10:36:58, 4, 0, C:\Reportes_Inv\Rpt_NotaPedido.rpt:La DLL de base de datos ha detectado un error.
09/14/12, 10:37:00, 4, 0, C:\Reportes_Inv\Rpt_NotaPedido.rpt:La DLL de base de datos ha detectado un error.
10/11/12, 11:45:03, 4, 0, :No se encontró el archivo.
10/11/12, 11:45:03, 4, 0, :No se encontró el archivo.
10/11/12, 12:24:03, 4, 0, :No se encontró el archivo.
10/11/12, 12:24:03, 4, 0, :No se encontró el archivo.
10/11/12, 15:15:31, 4, 0, :No se encontró el archivo.
10/11/12, 15:15:31, 4, 0, :No se encontró el archivo.
10/11/12, 15:29:49, 4, 0, :No se encontró el archivo.
10/11/12, 15:29:49, 4, 0, :No se encontró el archivo.
10/11/12, 15:29:51, 4, 0, :No se encontró el archivo.
10/11/12, 19:17:48, 4, 0, :No se encontró el archivo.
10/11/12, 19:17:48, 4, 0, :No se encontró el archivo.
10/11/12, 19:32:09, 4, 0, :No se encontró el archivo.
10/11/12, 19:32:09, 4, 0, :No se encontró el archivo.
10/12/12, 11:35:04, 4, 0, :No se encontró el archivo.
10/12/12, 11:35:04, 4, 0, :No se encontró el archivo.
10/12/12, 12:23:33, 4, 0, :No se encontró el archivo.
10/12/12, 12:23:33, 4, 0, :No se encontró el archivo.
10/12/12, 15:49:57, 4, 0, :No se encontró el archivo.
10/12/12, 15:49:57, 4, 0, :No se encontró el archivo.
07/01/15, 20:30:37, 4, 0, :No se encontró el archivo.
07/01/15, 20:30:37, 4, 0, :No se encontró el archivo.
